<?xml version="1.0" encoding="UTF-8"?>
<!-- Generated by org.testng.reporters.JUnitReportReporter -->
<testsuite hostname="Subzero" name="za.ac.cput.AppTest" tests="1" failures="0" timestamp="30 Aug 2016 20:29:30 GMT" time="0.027" errors="0">
  <testcase name="testApp" time="0.027" classname="za.ac.cput.AppTest"/>
</testsuite> <!-- za.ac.cput.AppTest -->
